# JRE version: Java(TM) SE Runtime Environment (8.0_121-b13) (build 1.8.0_121-b13)
# Java VM: Java HotSpot(TM) 64-Bit Server VM (25.121-b13 mixed mode windows-amd64 compressed oops)
Heap:
 PSYoungGen      total 344064K, used 108649K [0x00000000e0800000, 0x0000000100000000, 0x0000000100000000)
  eden space 172032K, 2% used [0x00000000e0800000,0x00000000e0b5e928,0x00000000eb000000)
  from space 172032K, 61% used [0x00000000f5800000,0x00000000fbebbd50,0x0000000100000000)
  to   space 172032K, 0% used [0x00000000eb000000,0x00000000eb000000,0x00000000f5800000)
 ParOldGen       total 258048K, used 185059K [0x00000000a1800000, 0x00000000b1400000, 0x00000000e0800000)
  object space 258048K, 71% used [0x00000000a1800000,0x00000000accb8c78,0x00000000b1400000)
 Metaspace       used 14855K, capacity 15052K, committed 15360K, reserved 1062912K
  class space    used 1633K, capacity 1711K, committed 1792K, reserved 1048576K
GC Heap History (10 events):
Event: 61.823 GC heap before
{Heap before GC invocations=26 (full 4):
 PSYoungGen      total 344064K, used 278645K [0x00000000e0800000, 0x0000000100000000, 0x0000000100000000)
  eden space 172032K, 100% used [0x00000000e0800000,0x00000000eb000000,0x00000000eb000000)
  from space 172032K, 61% used [0x00000000eb000000,0x00000000f181d610,0x00000000f5800000)
  to   space 172032K, 0% used [0x00000000f5800000,0x00000000f5800000,0x0000000100000000)
 ParOldGen       total 258048K, used 181042K [0x00000000a1800000, 0x00000000b1400000, 0x00000000e0800000)
  object space 258048K, 70% used [0x00000000a1800000,0x00000000ac8cc8b8,0x00000000b1400000)
 Metaspace       used 14846K, capacity 15052K, committed 15360K, reserved 1062912K
  class space    used 1633K, capacity 1711K, committed 1792K, reserved 1048576K
Event: 61.840 GC heap after
Heap after GC invocations=26 (full 4):
 PSYoungGen      total 344064K, used 104861K [0x00000000e0800000, 0x0000000100000000, 0x0000000100000000)
  eden space 172032K, 0% used [0x00000000e0800000,0x00000000e0800000,0x00000000eb000000)
  from space 172032K, 60% used [0x00000000f5800000,0x00000000fbe67750,0x0000000100000000)
  to   space 172032K, 0% used [0x00000000eb000000,0x00000000eb000000,0x00000000f5800000)
 ParOldGen       total 258048K, used 182793K [0x00000000a1800000, 0x00000000b1400000, 0x00000000e0800000)
  object space 258048K, 70% used [0x00000000a1800000,0x00000000aca82778,0x00000000b1400000)
 Metaspace       used 14846K, capacity 15052K, committed 15360K, reserved 1062912K
  class space    used 1633K, capacity 1711K, committed 1792K, reserved 1048576K
}
Event: 65.108 GC heap before
{Heap before GC invocations=27 (full 4):
 PSYoungGen      total 344064K, used 276893K [0x00000000e0800000, 0x0000000100000000, 0x0000000100000000)
  eden space 172032K, 100% used [0x00000000e0800000,0x00000000eb000000,0x00000000eb000000)
  from space 172032K, 60% used [0x00000000f5800000,0x00000000fbe67750,0x0000000100000000)
  to   space 172032K, 0% used [0x00000000eb000000,0x00000000eb000000,0x00000000f5800000)
 ParOldGen       total 258048K, used 182793K [0x00000000a1800000, 0x00000000b1400000, 0x00000000e0800000)
  object space 258048K, 70% used [0x00000000a1800000,0x00000000aca82778,0x00000000b1400000)
 Metaspace       used 14846K, capacity 15052K, committed 15360K, reserved 1062912K
  class space    used 1633K, capacity 1711K, committed 1792K, reserved 1048576K
Event: 65.125 GC heap after
Heap after GC invocations=27 (full 4):
 PSYoungGen      total 344064K, used 107224K [0x00000000e0800000, 0x0000000100000000, 0x0000000100000000)
  eden space 172032K, 0% used [0x00000000e0800000,0x00000000e0800000,0x00000000eb000000)
  from space 172032K, 62% used [0x00000000eb000000,0x00000000f18b6250,0x00000000f5800000)
  to   space 172032K, 0% used [0x00000000f5800000,0x00000000f5800000,0x0000000100000000)
 ParOldGen       total 258048K, used 183870K [0x00000000a1800000, 0x00000000b1400000, 0x00000000e0800000)
  object space 258048K, 71% used [0x00000000a1800000,0x00000000acb8f9f8,0x00000000b1400000)
 Metaspace       used 14846K, capacity 15052K, committed 15360K, reserved 1062912K
  class space    used 1633K, capacity 1711K, committed 1792K, reserved 1048576K
}
Event: 68.319 GC heap before
{Heap before GC invocations=28 (full 4):
 PSYoungGen      total 344064K, used 279256K [0x00000000e0800000, 0x0000000100000000, 0x0000000100000000)
  eden space 172032K, 100% used [0x00000000e0800000,0x00000000eb000000,0x00000000eb000000)
  from space 172032K, 62% used [0x00000000eb000000,0x00000000f18b6250,0x00000000f5800000)
  to   space 172032K, 0% used [0x00000000f5800000,0x00000000f5800000,0x0000000100000000)
 ParOldGen       total 258048K, used 183870K [0x00000000a1800000, 0x00000000b1400000, 0x00000000e0800000)
  object space 258048K, 71% used [0x00000000a1800000,0x00000000acb8f9f8,0x00000000b1400000)
 Metaspace       used 14855K, capacity 15052K, committed 15360K, reserved 1062912K
  class space    used 1633K, capacity 1711K, committed 1792K, reserved 1048576K
Event: 68.336 GC heap after
Heap after GC invocations=28 (full 4):
 PSYoungGen      total 344064K, used 104524K [0x00000000e0800000, 0x0000000100000000, 0x0000000100000000)
  eden space 172032K, 0% used [0x00000000e0800000,0x00000000e0800000,0x00000000eb000000)
  from space 172032K, 60% used [0x00000000f5800000,0x00000000fbe13110,0x0000000100000000)
  to   space 172032K, 0% used [0x00000000eb000000,0x00000000eb000000,0x00000000f5800000)
 ParOldGen       total 258048K, used 184272K [0x00000000a1800000, 0x00000000b1400000, 0x00000000e0800000)
  object space 258048K, 71% used [0x00000000a1800000,0x00000000acbf4038,0x00000000b1400000)
 Metaspace       used 14855K, capacity 15052K, committed 15360K, reserved 1062912K
  class space    used 1633K, capacity 1711K, committed 1792K, reserved 1048576K
}
Event: 71.587 GC heap before
{Heap before GC invocations=29 (full 4):
 PSYoungGen      total 344064K, used 276222K [0x00000000e0800000, 0x0000000100000000, 0x0000000100000000)
  eden space 172032K, 99% used [0x00000000e0800000,0x00000000eafac7f8,0x00000000eb000000)
  from space 172032K, 60% used [0x00000000f5800000,0x00000000fbe13110,0x0000000100000000)
  to   space 172032K, 0% used [0x00000000eb000000,0x00000000eb000000,0x00000000f5800000)
 ParOldGen       total 258048K, used 184272K [0x00000000a1800000, 0x00000000b1400000, 0x00000000e0800000)
  object space 258048K, 71% used [0x00000000a1800000,0x00000000acbf4038,0x00000000b1400000)
 Metaspace       used 14855K, capacity 15052K, committed 15360K, reserved 1062912K
  class space    used 1633K, capacity 1711K, committed 1792K, reserved 1048576K
Event: 71.604 GC heap after
Heap after GC invocations=29 (full 4):
 PSYoungGen      total 344064K, used 106887K [0x00000000e0800000, 0x0000000100000000, 0x0000000100000000)
  eden space 172032K, 0% used [0x00000000e0800000,0x00000000e0800000,0x00000000eb000000)
  from space 172032K, 62% used [0x00000000eb000000,0x00000000f1861c10,0x00000000f5800000)
  to   space 172032K, 0% used [0x00000000f5800000,0x00000000f5800000,0x0000000100000000)
 ParOldGen       total 258048K, used 185003K [0x00000000a1800000, 0x00000000b1400000, 0x00000000e0800000)
  object space 258048K, 71% used [0x00000000a1800000,0x00000000accaac78,0x00000000b1400000)
 Metaspace       used 14855K, capacity 15052K, committed 15360K, reserved 1062912K
  class space    used 1633K, capacity 1711K, committed 1792K, reserved 1048576K
}
Event: 74.802 GC heap before
{Heap before GC invocations=30 (full 4):
 PSYoungGen      total 344064K, used 278919K [0x00000000e0800000, 0x0000000100000000, 0x0000000100000000)
  eden space 172032K, 100% used [0x00000000e0800000,0x00000000eb000000,0x00000000eb000000)
  from space 172032K, 62% used [0x00000000eb000000,0x00000000f1861c10,0x00000000f5800000)
  to   space 172032K, 0% used [0x00000000f5800000,0x00000000f5800000,0x0000000100000000)
 ParOldGen       total 258048K, used 185003K [0x00000000a1800000, 0x00000000b1400000, 0x00000000e0800000)
  object space 258048K, 71% used [0x00000000a1800000,0x00000000accaac78,0x00000000b1400000)
 Metaspace       used 14855K, capacity 15052K, committed 15360K, reserved 1062912K
  class space    used 1633K, capacity 1711K, committed 1792K, reserved 1048576K
Event: 74.819 GC heap after
Heap after GC invocations=30 (full 4):
 PSYoungGen      total 344064K, used 105199K [0x00000000e0800000, 0x0000000100000000, 0x0000000100000000)
  eden space 172032K, 0% used [0x00000000e0800000,0x00000000e0800000,0x00000000eb000000)
  from space 172032K, 61% used [0x00000000f5800000,0x00000000fbebbd50,0x0000000100000000)
  to   space 172032K, 0% used [0x00000000eb000000,0x00000000eb000000,0x00000000f5800000)
 ParOldGen       total 258048K, used 185059K [0x00000000a1800000, 0x00000000b1400000, 0x00000000e0800000)
  object space 258048K, 71% used [0x00000000a1800000,0x00000000accb8c78,0x00000000b1400000)
 Metaspace       used 14855K, capacity 15052K, committed 15360K, reserved 1062912K
  class space    used 1633K, capacity 1711K, committed 1792K, reserved 1048576K
}

